-------------------------------------------------------------------------------
Test set: com.greenhouseci.FailureTest
-------------------------------------------------------------------------------
Tests run: 1, Failures: 0, Errors: 1, Skipped: 0, Time elapsed: 37.384 sec <<< FAILURE! - in com.greenhouseci.FailureTest
doesNotHaveText(com.greenhouseci.FailureTest)  Time elapsed: 37.305 sec  <<< ERROR!
org.openqa.selenium.NoSuchElementException: An element could not be located on the page using the given search parameters. (WARNING: The server did not provide any stacktrace information)
Command duration or timeout: 30.22 seconds
For documentation on this error, please visit: http://seleniumhq.org/exceptions/no_such_element.html
Build info: version: '2.42.1', revision: '68b415adb11acca4286be45124325cc36cfc4a51', time: '2014-05-29 09:21:55'
System info: host: 'priit-pc', ip: '127.0.1.1', os.name: 'Linux', os.arch: 'amd64', os.version: '3.13.0-44-generic', java.version: '1.7.0_75'
Session ID: 53657a96-f14e-4b55-a952-3dc31ea3d006
Driver info: io.appium.java_client.AppiumDriver
Capabilities [{platform=LINUX, app=/home/priit/cryptodev/git/GreenhouseCI-Android/GreenhouseCI/appium/java/../../build/outputs/apk/GreenhouseCI-debug.apk, javascriptEnabled=true, browserName=Android, networkConnectionEnabled=true, desired={platformVersion=4.3, app=/home/priit/cryptodev/git/GreenhouseCI-Android/GreenhouseCI/appium/java/../../build/outputs/apk/GreenhouseCI-debug.apk, platformName=Android, deviceName=Android, appium-version=1.1.0, name=Java Android tutorial Fri Feb 13 16:51:16 EET 2015}, locationContextEnabled=false, platformVersion=4.3, databaseEnabled=false, deviceName=Android, platformName=Android, appium-version=1.1.0, webStorageEnabled=false, name=Java Android tutorial Fri Feb 13 16:51:16 EET 2015, warnings={}, takesScreenshot=true}]
	at sun.reflect.NativeConstructorAccessorImpl.newInstance0(Native Method)
	at sun.reflect.NativeConstructorAccessorImpl.newInstance(NativeConstructorAccessorImpl.java:57)
	at sun.reflect.DelegatingConstructorAccessorImpl.newInstance(DelegatingConstructorAccessorImpl.java:45)
	at java.lang.reflect.Constructor.newInstance(Constructor.java:526)
	at org.openqa.selenium.remote.ErrorHandler.createThrowable(ErrorHandler.java:204)
	at org.openqa.selenium.remote.ErrorHandler.throwIfResponseFailed(ErrorHandler.java:156)
	at org.openqa.selenium.remote.RemoteWebDriver.execute(RemoteWebDriver.java:600)
	at io.appium.java_client.AppiumDriver.execute(AppiumDriver.java:82)
	at org.openqa.selenium.remote.RemoteWebDriver.findElement(RemoteWebDriver.java:353)
	at org.openqa.selenium.remote.RemoteWebDriver.findElementByXPath(RemoteWebDriver.java:450)
	at org.openqa.selenium.By$ByXPath.findElement(By.java:357)
	at org.openqa.selenium.remote.RemoteWebDriver.findElement(RemoteWebDriver.java:345)
	at com.greenhouseci.util.Helpers.element(Helpers.java:65)
	at com.greenhouseci.util.Helpers.text(Helpers.java:114)
	at com.greenhouseci.FailureTest.doesNotHaveText(FailureTest.java:12)

